{"uid":"2dfa5571dafaf1fa","name":"Login in with empty email field","fullName":"tests.test_sing_in.TestSingIn#test_empty_email_field","historyId":"3c864064f4c2438f301524ed99b95092","time":{"start":1728975860994,"stop":1728975882072,"duration":21078},"status":"broken","statusMessage":"selenium.common.exceptions.TimeoutException: Message: Can't find element by ('css selector', '#email')\nStacktrace:\n#0 0x5586852f002a <unknown>\n#1 0x558684fd65e0 <unknown>\n#2 0x558685025be8 <unknown>\n#3 0x558685025e81 <unknown>\n#4 0x55868506c8c4 <unknown>\n#5 0x55868504ab4d <unknown>\n#6 0x558685069d7d <unknown>\n#7 0x55868504a8c3 <unknown>\n#8 0x5586850186b3 <unknown>\n#9 0x55868501968e <unknown>\n#10 0x5586852baa2b <unknown>\n#11 0x5586852be9b1 <unknown>\n#12 0x5586852a7225 <unknown>\n#13 0x5586852bf532 <unknown>\n#14 0x55868528c38f <unknown>\n#15 0x5586852def28 <unknown>\n#16 0x5586852df0f3 <unknown>\n#17 0x5586852eee7c <unknown>\n#18 0x7fa1cd294ac3 <unknown>","statusTrace":"self = <test_sing_in.TestSingIn object at 0x7f46a59cf290>\nbrowser = <selenium.webdriver.chrome.webdriver.WebDriver (session=\"48c8a6cc5d4270eee097cdd4f08af600\")>\n\n    @allure.title(\"Login in with empty email field\")\n    def test_empty_email_field(self, browser):\n        page = SingIn(browser)\n>       page.sing_in(email=\"\", password=\"123456\")\n\ntests/test_sing_in.py:22: \n_ _ _ _ _ _ _ _ _ _ _ _ _ _ _ _ _ _ _ _ _ _ _ _ _ _ _ _ _ _ _ _ _ _ _ _ _ _ _ _ \npages/sing_in.py:10: in sing_in\n    self.is_visible(SingInLocators.EMAIL).send_keys(email)\nbase/base_page.py:48: in is_visible\n    return wait(self.browser, timeout).until(EC.visibility_of_element_located(locator),\n_ _ _ _ _ _ _ _ _ _ _ _ _ _ _ _ _ _ _ _ _ _ _ _ _ _ _ _ _ _ _ _ _ _ _ _ _ _ _ _ \n\nself = <selenium.webdriver.support.wait.WebDriverWait (session=\"48c8a6cc5d4270eee097cdd4f08af600\")>\nmethod = <function visibility_of_element_located.<locals>._predicate at 0x7f46a58e6a20>\nmessage = \"Can't find element by ('css selector', '#email')\"\n\n    def until(self, method: Callable[[D], Union[Literal[False], T]], message: str = \"\") -> T:\n        \"\"\"Calls the method provided with the driver as an argument until the \\\n        return value does not evaluate to ``False``.\n    \n        :param method: callable(WebDriver)\n        :param message: optional message for :exc:`TimeoutException`\n        :returns: the result of the last call to `method`\n        :raises: :exc:`selenium.common.exceptions.TimeoutException` if timeout occurs\n        \"\"\"\n        screen = None\n        stacktrace = None\n    \n        end_time = time.monotonic() + self._timeout\n        while True:\n            try:\n                value = method(self._driver)\n                if value:\n                    return value\n            except self._ignored_exceptions as exc:\n                screen = getattr(exc, \"screen\", None)\n                stacktrace = getattr(exc, \"stacktrace\", None)\n            time.sleep(self._poll)\n            if time.monotonic() > end_time:\n                break\n>       raise TimeoutException(message, screen, stacktrace)\nE       selenium.common.exceptions.TimeoutException: Message: Can't find element by ('css selector', '#email')\nE       Stacktrace:\nE       #0 0x5586852f002a <unknown>\nE       #1 0x558684fd65e0 <unknown>\nE       #2 0x558685025be8 <unknown>\nE       #3 0x558685025e81 <unknown>\nE       #4 0x55868506c8c4 <unknown>\nE       #5 0x55868504ab4d <unknown>\nE       #6 0x558685069d7d <unknown>\nE       #7 0x55868504a8c3 <unknown>\nE       #8 0x5586850186b3 <unknown>\nE       #9 0x55868501968e <unknown>\nE       #10 0x5586852baa2b <unknown>\nE       #11 0x5586852be9b1 <unknown>\nE       #12 0x5586852a7225 <unknown>\nE       #13 0x5586852bf532 <unknown>\nE       #14 0x55868528c38f <unknown>\nE       #15 0x5586852def28 <unknown>\nE       #16 0x5586852df0f3 <unknown>\nE       #17 0x5586852eee7c <unknown>\nE       #18 0x7fa1cd294ac3 <unknown>\n\n/opt/hostedtoolcache/Python/3.12.7/x64/lib/python3.12/site-packages/selenium/webdriver/support/wait.py:105: TimeoutException","flaky":false,"newFailed":false,"newBroken":true,"newPassed":false,"retriesCount":0,"retriesStatusChange":false,"beforeStages":[{"name":"chrome_options","time":{"start":1728975860713,"stop":1728975860713,"duration":0},"status":"passed","steps":[],"attachments":[],"parameters":[],"shouldDisplayMessage":false,"stepsCount":0,"attachmentsCount":0,"hasContent":false},{"name":"browser","time":{"start":1728975860713,"stop":1728975860994,"duration":281},"status":"passed","steps":[],"attachments":[],"parameters":[],"shouldDisplayMessage":false,"stepsCount":0,"attachmentsCount":0,"hasContent":false}],"testStage":{"status":"broken","statusMessage":"selenium.common.exceptions.TimeoutException: Message: Can't find element by ('css selector', '#email')\nStacktrace:\n#0 0x5586852f002a <unknown>\n#1 0x558684fd65e0 <unknown>\n#2 0x558685025be8 <unknown>\n#3 0x558685025e81 <unknown>\n#4 0x55868506c8c4 <unknown>\n#5 0x55868504ab4d <unknown>\n#6 0x558685069d7d <unknown>\n#7 0x55868504a8c3 <unknown>\n#8 0x5586850186b3 <unknown>\n#9 0x55868501968e <unknown>\n#10 0x5586852baa2b <unknown>\n#11 0x5586852be9b1 <unknown>\n#12 0x5586852a7225 <unknown>\n#13 0x5586852bf532 <unknown>\n#14 0x55868528c38f <unknown>\n#15 0x5586852def28 <unknown>\n#16 0x5586852df0f3 <unknown>\n#17 0x5586852eee7c <unknown>\n#18 0x7fa1cd294ac3 <unknown>","statusTrace":"self = <test_sing_in.TestSingIn object at 0x7f46a59cf290>\nbrowser = <selenium.webdriver.chrome.webdriver.WebDriver (session=\"48c8a6cc5d4270eee097cdd4f08af600\")>\n\n    @allure.title(\"Login in with empty email field\")\n    def test_empty_email_field(self, browser):\n        page = SingIn(browser)\n>       page.sing_in(email=\"\", password=\"123456\")\n\ntests/test_sing_in.py:22: \n_ _ _ _ _ _ _ _ _ _ _ _ _ _ _ _ _ _ _ _ _ _ _ _ _ _ _ _ _ _ _ _ _ _ _ _ _ _ _ _ \npages/sing_in.py:10: in sing_in\n    self.is_visible(SingInLocators.EMAIL).send_keys(email)\nbase/base_page.py:48: in is_visible\n    return wait(self.browser, timeout).until(EC.visibility_of_element_located(locator),\n_ _ _ _ _ _ _ _ _ _ _ _ _ _ _ _ _ _ _ _ _ _ _ _ _ _ _ _ _ _ _ _ _ _ _ _ _ _ _ _ \n\nself = <selenium.webdriver.support.wait.WebDriverWait (session=\"48c8a6cc5d4270eee097cdd4f08af600\")>\nmethod = <function visibility_of_element_located.<locals>._predicate at 0x7f46a58e6a20>\nmessage = \"Can't find element by ('css selector', '#email')\"\n\n    def until(self, method: Callable[[D], Union[Literal[False], T]], message: str = \"\") -> T:\n        \"\"\"Calls the method provided with the driver as an argument until the \\\n        return value does not evaluate to ``False``.\n    \n        :param method: callable(WebDriver)\n        :param message: optional message for :exc:`TimeoutException`\n        :returns: the result of the last call to `method`\n        :raises: :exc:`selenium.common.exceptions.TimeoutException` if timeout occurs\n        \"\"\"\n        screen = None\n        stacktrace = None\n    \n        end_time = time.monotonic() + self._timeout\n        while True:\n            try:\n                value = method(self._driver)\n                if value:\n                    return value\n            except self._ignored_exceptions as exc:\n                screen = getattr(exc, \"screen\", None)\n                stacktrace = getattr(exc, \"stacktrace\", None)\n            time.sleep(self._poll)\n            if time.monotonic() > end_time:\n                break\n>       raise TimeoutException(message, screen, stacktrace)\nE       selenium.common.exceptions.TimeoutException: Message: Can't find element by ('css selector', '#email')\nE       Stacktrace:\nE       #0 0x5586852f002a <unknown>\nE       #1 0x558684fd65e0 <unknown>\nE       #2 0x558685025be8 <unknown>\nE       #3 0x558685025e81 <unknown>\nE       #4 0x55868506c8c4 <unknown>\nE       #5 0x55868504ab4d <unknown>\nE       #6 0x558685069d7d <unknown>\nE       #7 0x55868504a8c3 <unknown>\nE       #8 0x5586850186b3 <unknown>\nE       #9 0x55868501968e <unknown>\nE       #10 0x5586852baa2b <unknown>\nE       #11 0x5586852be9b1 <unknown>\nE       #12 0x5586852a7225 <unknown>\nE       #13 0x5586852bf532 <unknown>\nE       #14 0x55868528c38f <unknown>\nE       #15 0x5586852def28 <unknown>\nE       #16 0x5586852df0f3 <unknown>\nE       #17 0x5586852eee7c <unknown>\nE       #18 0x7fa1cd294ac3 <unknown>\n\n/opt/hostedtoolcache/Python/3.12.7/x64/lib/python3.12/site-packages/selenium/webdriver/support/wait.py:105: TimeoutException","steps":[{"name":"Fill email field","time":{"start":1728975860994,"stop":1728975882071,"duration":21077},"status":"broken","statusMessage":"selenium.common.exceptions.TimeoutException: Message: Can't find element by ('css selector', '#email')\nStacktrace:\n#0 0x5586852f002a <unknown>\n#1 0x558684fd65e0 <unknown>\n#2 0x558685025be8 <unknown>\n#3 0x558685025e81 <unknown>\n#4 0x55868506c8c4 <unknown>\n#5 0x55868504ab4d <unknown>\n#6 0x558685069d7d <unknown>\n#7 0x55868504a8c3 <unknown>\n#8 0x5586850186b3 <unknown>\n#9 0x55868501968e <unknown>\n#10 0x5586852baa2b <unknown>\n#11 0x5586852be9b1 <unknown>\n#12 0x5586852a7225 <unknown>\n#13 0x5586852bf532 <unknown>\n#14 0x55868528c38f <unknown>\n#15 0x5586852def28 <unknown>\n#16 0x5586852df0f3 <unknown>\n#17 0x5586852eee7c <unknown>\n#18 0x7fa1cd294ac3 <unknown>\n\n","statusTrace":"  File \"/home/runner/work/pet_luma/pet_luma/pages/sing_in.py\", line 10, in sing_in\n    self.is_visible(SingInLocators.EMAIL).send_keys(email)\n    ^^^^^^^^^^^^^^^^^^^^^^^^^^^^^^^^^^^^^\n  File \"/home/runner/work/pet_luma/pet_luma/base/base_page.py\", line 48, in is_visible\n    return wait(self.browser, timeout).until(EC.visibility_of_element_located(locator),\n           ^^^^^^^^^^^^^^^^^^^^^^^^^^^^^^^^^^^^^^^^^^^^^^^^^^^^^^^^^^^^^^^^^^^^^^^^^^^^\n  File \"/opt/hostedtoolcache/Python/3.12.7/x64/lib/python3.12/site-packages/selenium/webdriver/support/wait.py\", line 105, in until\n    raise TimeoutException(message, screen, stacktrace)\n","steps":[],"attachments":[],"parameters":[],"shouldDisplayMessage":true,"stepsCount":0,"attachmentsCount":0,"hasContent":true}],"attachments":[],"parameters":[],"shouldDisplayMessage":true,"stepsCount":1,"attachmentsCount":0,"hasContent":true},"afterStages":[{"name":"browser::0","time":{"start":1728975882079,"stop":1728975882163,"duration":84},"status":"passed","steps":[],"attachments":[],"parameters":[],"shouldDisplayMessage":false,"stepsCount":0,"attachmentsCount":0,"hasContent":false}],"labels":[{"name":"suite","value":"Login In"},{"name":"parentSuite","value":"tests"},{"name":"subSuite","value":"TestSingIn"},{"name":"host","value":"fv-az1118-594"},{"name":"thread","value":"2166-MainThread"},{"name":"framework","value":"pytest"},{"name":"language","value":"cpython3"},{"name":"package","value":"tests.test_sing_in"},{"name":"resultFormat","value":"allure2"}],"parameters":[],"links":[],"hidden":false,"retry":false,"extra":{"severity":"normal","retries":[],"categories":[{"name":"Test defects","matchedStatuses":[],"flaky":false}],"history":{"statistic":{"failed":0,"broken":1,"skipped":0,"passed":1,"unknown":0,"total":2},"items":[{"uid":"296b17d3d6208dac","reportUrl":"https://zomlik.github.io/pet_luma/14//#testresult/296b17d3d6208dac","status":"passed","time":{"start":1728892025987,"stop":1728892027480,"duration":1493}}]},"tags":[]},"source":"2dfa5571dafaf1fa.json","parameterValues":[]}