{"uid":"794eae5321894e8f","name":"Add an item to your wish list","fullName":"tests.test_items.TestMiniItems#test_add_wishlist_sing_in","historyId":"9ad0a973fa2941991694d281e03a62ce","time":{"start":1728975811777,"stop":1728975811777,"duration":0},"status":"broken","statusMessage":"selenium.common.exceptions.ElementClickInterceptedException: Message: element click intercepted: Element <button type=\"submit\" class=\"action login primary\" name=\"send\" id=\"send2\">...</button> is not clickable at point (371, 899). Other element would receive the click: <div id=\"aswift_3_host\" style=\"border: none !important; height: 124px !important; width: 100% !important; margin: 0px !important; padding: 0px !important; position: relative !important; visibility: visible !important; background-color: transparent !important; display: inline-block !important; inset: auto !important; clear: none !important; float: none !important; max-height: none !important; max-width: none !important; opacity: 1 !important; overflow: visible !important; vertical-align: baseline !important; z-index: auto !important;\">...</div>\n  (Session info: chrome=129.0.6668.89)\nStacktrace:\n#0 0x55c5b581a02a <unknown>\n#1 0x55c5b55005e0 <unknown>\n#2 0x55c5b5556866 <unknown>\n#3 0x55c5b555478d <unknown>\n#4 0x55c5b5552237 <unknown>\n#5 0x55c5b5551646 <unknown>\n#6 0x55c5b5544a98 <unknown>\n#7 0x55c5b5574b22 <unknown>\n#8 0x55c5b5544478 <unknown>\n#9 0x55c5b5574cee <unknown>\n#10 0x55c5b5593d7d <unknown>\n#11 0x55c5b55748c3 <unknown>\n#12 0x55c5b55426b3 <unknown>\n#13 0x55c5b554368e <unknown>\n#14 0x55c5b57e4a2b <unknown>\n#15 0x55c5b57e89b1 <unknown>\n#16 0x55c5b57d1225 <unknown>\n#17 0x55c5b57e9532 <unknown>\n#18 0x55c5b57b638f <unknown>\n#19 0x55c5b5808f28 <unknown>\n#20 0x55c5b58090f3 <unknown>\n#21 0x55c5b5818e7c <unknown>\n#22 0x7f7428494ac3 <unknown>","statusTrace":"browser = <selenium.webdriver.chrome.webdriver.WebDriver (session=\"05ae1f22c49ac6c7c45e566d8c022129\")>\n\n    @pytest.fixture()\n    def sing_in(browser):\n        browser.get(URL.LOGIN_PAGE)\n        browser.find_element(*LoginPageLocator.EMAIL_FIELD).send_keys(\"facesod700@vasteron.com\")\n        browser.find_element(*LoginPageLocator.PASSWORD).send_keys(\"TestMyPassword25\")\n>       browser.find_element(*LoginPageLocator.SING_IN_BUTTON).click()\n\nfixtures/account.py:12: \n_ _ _ _ _ _ _ _ _ _ _ _ _ _ _ _ _ _ _ _ _ _ _ _ _ _ _ _ _ _ _ _ _ _ _ _ _ _ _ _ \n/opt/hostedtoolcache/Python/3.12.7/x64/lib/python3.12/site-packages/selenium/webdriver/remote/webelement.py:94: in click\n    self._execute(Command.CLICK_ELEMENT)\n/opt/hostedtoolcache/Python/3.12.7/x64/lib/python3.12/site-packages/selenium/webdriver/remote/webelement.py:395: in _execute\n    return self._parent.execute(command, params)\n/opt/hostedtoolcache/Python/3.12.7/x64/lib/python3.12/site-packages/selenium/webdriver/remote/webdriver.py:354: in execute\n    self.error_handler.check_response(response)\n_ _ _ _ _ _ _ _ _ _ _ _ _ _ _ _ _ _ _ _ _ _ _ _ _ _ _ _ _ _ _ _ _ _ _ _ _ _ _ _ \n\nself = <selenium.webdriver.remote.errorhandler.ErrorHandler object at 0x7f46a5a8b6e0>\nresponse = {'status': 400, 'value': '{\"value\":{\"error\":\"element click intercepted\",\"message\":\"element click intercepted: Element ...\\\\n#20 0x55c5b58090f3 \\\\u003Cunknown>\\\\n#21 0x55c5b5818e7c \\\\u003Cunknown>\\\\n#22 0x7f7428494ac3 \\\\u003Cunknown>\\\\n\"}}'}\n\n    def check_response(self, response: Dict[str, Any]) -> None:\n        \"\"\"Checks that a JSON response from the WebDriver does not have an\n        error.\n    \n        :Args:\n         - response - The JSON response from the WebDriver server as a dictionary\n           object.\n    \n        :Raises: If the response contains an error message.\n        \"\"\"\n        status = response.get(\"status\", None)\n        if not status or status == ErrorCode.SUCCESS:\n            return\n        value = None\n        message = response.get(\"message\", \"\")\n        screen: str = response.get(\"screen\", \"\")\n        stacktrace = None\n        if isinstance(status, int):\n            value_json = response.get(\"value\", None)\n            if value_json and isinstance(value_json, str):\n                import json\n    \n                try:\n                    value = json.loads(value_json)\n                    if len(value) == 1:\n                        value = value[\"value\"]\n                    status = value.get(\"error\", None)\n                    if not status:\n                        status = value.get(\"status\", ErrorCode.UNKNOWN_ERROR)\n                        message = value.get(\"value\") or value.get(\"message\")\n                        if not isinstance(message, str):\n                            value = message\n                            message = message.get(\"message\")\n                    else:\n                        message = value.get(\"message\", None)\n                except ValueError:\n                    pass\n    \n        exception_class: Type[WebDriverException]\n        e = ErrorCode()\n        error_codes = [item for item in dir(e) if not item.startswith(\"__\")]\n        for error_code in error_codes:\n            error_info = getattr(ErrorCode, error_code)\n            if isinstance(error_info, list) and status in error_info:\n                exception_class = getattr(ExceptionMapping, error_code, WebDriverException)\n                break\n        else:\n            exception_class = WebDriverException\n    \n        if not value:\n            value = response[\"value\"]\n        if isinstance(value, str):\n            raise exception_class(value)\n        if message == \"\" and \"message\" in value:\n            message = value[\"message\"]\n    \n        screen = None  # type: ignore[assignment]\n        if \"screen\" in value:\n            screen = value[\"screen\"]\n    \n        stacktrace = None\n        st_value = value.get(\"stackTrace\") or value.get(\"stacktrace\")\n        if st_value:\n            if isinstance(st_value, str):\n                stacktrace = st_value.split(\"\\n\")\n            else:\n                stacktrace = []\n                try:\n                    for frame in st_value:\n                        line = frame.get(\"lineNumber\", \"\")\n                        file = frame.get(\"fileName\", \"<anonymous>\")\n                        if line:\n                            file = f\"{file}:{line}\"\n                        meth = frame.get(\"methodName\", \"<anonymous>\")\n                        if \"className\" in frame:\n                            meth = f\"{frame['className']}.{meth}\"\n                        msg = \"    at %s (%s)\"\n                        msg = msg % (meth, file)\n                        stacktrace.append(msg)\n                except TypeError:\n                    pass\n        if exception_class == UnexpectedAlertPresentException:\n            alert_text = None\n            if \"data\" in value:\n                alert_text = value[\"data\"].get(\"text\")\n            elif \"alert\" in value:\n                alert_text = value[\"alert\"].get(\"text\")\n            raise exception_class(message, screen, stacktrace, alert_text)  # type: ignore[call-arg]  # mypy is not smart enough here\n>       raise exception_class(message, screen, stacktrace)\nE       selenium.common.exceptions.ElementClickInterceptedException: Message: element click intercepted: Element <button type=\"submit\" class=\"action login primary\" name=\"send\" id=\"send2\">...</button> is not clickable at point (371, 899). Other element would receive the click: <div id=\"aswift_3_host\" style=\"border: none !important; height: 124px !important; width: 100% !important; margin: 0px !important; padding: 0px !important; position: relative !important; visibility: visible !important; background-color: transparent !important; display: inline-block !important; inset: auto !important; clear: none !important; float: none !important; max-height: none !important; max-width: none !important; opacity: 1 !important; overflow: visible !important; vertical-align: baseline !important; z-index: auto !important;\">...</div>\nE         (Session info: chrome=129.0.6668.89)\nE       Stacktrace:\nE       #0 0x55c5b581a02a <unknown>\nE       #1 0x55c5b55005e0 <unknown>\nE       #2 0x55c5b5556866 <unknown>\nE       #3 0x55c5b555478d <unknown>\nE       #4 0x55c5b5552237 <unknown>\nE       #5 0x55c5b5551646 <unknown>\nE       #6 0x55c5b5544a98 <unknown>\nE       #7 0x55c5b5574b22 <unknown>\nE       #8 0x55c5b5544478 <unknown>\nE       #9 0x55c5b5574cee <unknown>\nE       #10 0x55c5b5593d7d <unknown>\nE       #11 0x55c5b55748c3 <unknown>\nE       #12 0x55c5b55426b3 <unknown>\nE       #13 0x55c5b554368e <unknown>\nE       #14 0x55c5b57e4a2b <unknown>\nE       #15 0x55c5b57e89b1 <unknown>\nE       #16 0x55c5b57d1225 <unknown>\nE       #17 0x55c5b57e9532 <unknown>\nE       #18 0x55c5b57b638f <unknown>\nE       #19 0x55c5b5808f28 <unknown>\nE       #20 0x55c5b58090f3 <unknown>\nE       #21 0x55c5b5818e7c <unknown>\nE       #22 0x7f7428494ac3 <unknown>\n\n/opt/hostedtoolcache/Python/3.12.7/x64/lib/python3.12/site-packages/selenium/webdriver/remote/errorhandler.py:229: ElementClickInterceptedException","flaky":false,"newFailed":false,"newBroken":false,"newPassed":false,"retriesCount":0,"retriesStatusChange":false,"beforeStages":[{"name":"browser","time":{"start":1728975811777,"stop":1728975812048,"duration":271},"status":"passed","steps":[],"attachments":[],"parameters":[],"shouldDisplayMessage":false,"stepsCount":0,"attachmentsCount":0,"hasContent":false},{"name":"chrome_options","time":{"start":1728975811777,"stop":1728975811777,"duration":0},"status":"passed","steps":[],"attachments":[],"parameters":[],"shouldDisplayMessage":false,"stepsCount":0,"attachmentsCount":0,"hasContent":false},{"name":"sing_in","time":{"start":1728975812048,"stop":1728975815782,"duration":3734},"status":"broken","statusMessage":"selenium.common.exceptions.ElementClickInterceptedException: Message: element click intercepted: Element <button type=\"submit\" class=\"action login primary\" name=\"send\" id=\"send2\">...</button> is not clickable at point (371, 899). Other element would receive the click: <div id=\"aswift_3_host\" style=\"border: none !important; height: 124px !important; width: 100% !important; margin: 0px !important; padding: 0px !important; position: relative !important; visibility: visible !important; background-color: transparent !important; display: inline-block !important; inset: auto !important; clear: none !important; float: none !important; max-height: none !important; max-width: none !important; opacity: 1 !important; overflow: visible !important; vertical-align: baseline !important; z-index: auto !important;\">...</div>\n  (Session info: chrome=129.0.6668.89)\nStacktrace:\n#0 0x55c5b581a02a <unknown>\n#1 0x55c5b55005e0 <unknown>\n#2 0x55c5b5556866 <unknown>\n#3 0x55c5b555478d <unknown>\n#4 0x55c5b5552237 <unknown>\n#5 0x55c5b5551646 <unknown>\n#6 0x55c5b5544a98 <unknown>\n#7 0x55c5b5574b22 <unknown>\n#8 0x55c5b5544478 <unknown>\n#9 0x55c5b5574cee <unknown>\n#10 0x55c5b5593d7d <unknown>\n#11 0x55c5b55748c3 <unknown>\n#12 0x55c5b55426b3 <unknown>\n#13 0x55c5b554368e <unknown>\n#14 0x55c5b57e4a2b <unknown>\n#15 0x55c5b57e89b1 <unknown>\n#16 0x55c5b57d1225 <unknown>\n#17 0x55c5b57e9532 <unknown>\n#18 0x55c5b57b638f <unknown>\n#19 0x55c5b5808f28 <unknown>\n#20 0x55c5b58090f3 <unknown>\n#21 0x55c5b5818e7c <unknown>\n#22 0x7f7428494ac3 <unknown>\n\n","statusTrace":"  File \"/opt/hostedtoolcache/Python/3.12.7/x64/lib/python3.12/site-packages/pluggy/_callers.py\", line 167, in _multicall\n    teardown.throw(outcome._exception)\n  File \"/opt/hostedtoolcache/Python/3.12.7/x64/lib/python3.12/site-packages/_pytest/setuponly.py\", line 36, in pytest_fixture_setup\n    return (yield)\n            ^^^^^\n  File \"/opt/hostedtoolcache/Python/3.12.7/x64/lib/python3.12/site-packages/pluggy/_callers.py\", line 103, in _multicall\n    res = hook_impl.function(*args)\n          ^^^^^^^^^^^^^^^^^^^^^^^^^\n  File \"/opt/hostedtoolcache/Python/3.12.7/x64/lib/python3.12/site-packages/_pytest/fixtures.py\", line 1140, in pytest_fixture_setup\n    result = call_fixture_func(fixturefunc, request, kwargs)\n             ^^^^^^^^^^^^^^^^^^^^^^^^^^^^^^^^^^^^^^^^^^^^^^^\n  File \"/opt/hostedtoolcache/Python/3.12.7/x64/lib/python3.12/site-packages/_pytest/fixtures.py\", line 898, in call_fixture_func\n    fixture_result = fixturefunc(**kwargs)\n                     ^^^^^^^^^^^^^^^^^^^^^\n  File \"/home/runner/work/pet_luma/pet_luma/fixtures/account.py\", line 12, in sing_in\n    browser.find_element(*LoginPageLocator.SING_IN_BUTTON).click()\n  File \"/opt/hostedtoolcache/Python/3.12.7/x64/lib/python3.12/site-packages/selenium/webdriver/remote/webelement.py\", line 94, in click\n    self._execute(Command.CLICK_ELEMENT)\n  File \"/opt/hostedtoolcache/Python/3.12.7/x64/lib/python3.12/site-packages/selenium/webdriver/remote/webelement.py\", line 395, in _execute\n    return self._parent.execute(command, params)\n           ^^^^^^^^^^^^^^^^^^^^^^^^^^^^^^^^^^^^^\n  File \"/opt/hostedtoolcache/Python/3.12.7/x64/lib/python3.12/site-packages/selenium/webdriver/remote/webdriver.py\", line 354, in execute\n    self.error_handler.check_response(response)\n  File \"/opt/hostedtoolcache/Python/3.12.7/x64/lib/python3.12/site-packages/selenium/webdriver/remote/errorhandler.py\", line 229, in check_response\n    raise exception_class(message, screen, stacktrace)\n","steps":[],"attachments":[],"parameters":[],"shouldDisplayMessage":true,"stepsCount":0,"attachmentsCount":0,"hasContent":true}],"afterStages":[{"name":"browser::0","time":{"start":1728975815816,"stop":1728975815888,"duration":72},"status":"passed","steps":[],"attachments":[],"parameters":[],"shouldDisplayMessage":false,"stepsCount":0,"attachmentsCount":0,"hasContent":false}],"labels":[{"name":"suite","value":"Products"},{"name":"tag","value":"@pytest.mark.usefixtures('sing_in')"},{"name":"parentSuite","value":"tests"},{"name":"subSuite","value":"TestMiniItems"},{"name":"host","value":"fv-az1118-594"},{"name":"thread","value":"2166-MainThread"},{"name":"framework","value":"pytest"},{"name":"language","value":"cpython3"},{"name":"package","value":"tests.test_items"},{"name":"resultFormat","value":"allure2"}],"parameters":[],"links":[],"hidden":false,"retry":false,"extra":{"severity":"normal","retries":[],"categories":[{"name":"Test defects","matchedStatuses":[],"flaky":false}],"history":{"statistic":{"failed":0,"broken":2,"skipped":0,"passed":0,"unknown":0,"total":2},"items":[{"uid":"2bc67a0eb35daa42","reportUrl":"https://zomlik.github.io/pet_luma/14//#testresult/2bc67a0eb35daa42","status":"broken","statusDetails":"selenium.common.exceptions.ElementClickInterceptedException: Message: element click intercepted: Element <button type=\"submit\" class=\"action login primary\" name=\"send\" id=\"send2\">...</button> is not clickable at point (371, 899). Other element would receive the click: <div id=\"aswift_3_host\" style=\"border: none !important; height: 124px !important; width: 100% !important; margin: 0px !important; padding: 0px !important; position: relative !important; visibility: visible !important; background-color: transparent !important; display: inline-block !important; inset: auto !important; clear: none !important; float: none !important; max-height: none !important; max-width: none !important; opacity: 1 !important; overflow: visible !important; vertical-align: baseline !important; z-index: auto !important;\">...</div>\n  (Session info: chrome=129.0.6668.89)\nStacktrace:\n#0 0x555e838ec02a <unknown>\n#1 0x555e835d25e0 <unknown>\n#2 0x555e83628866 <unknown>\n#3 0x555e8362678d <unknown>\n#4 0x555e83624237 <unknown>\n#5 0x555e83623646 <unknown>\n#6 0x555e83616a98 <unknown>\n#7 0x555e83646b22 <unknown>\n#8 0x555e83616478 <unknown>\n#9 0x555e83646cee <unknown>\n#10 0x555e83665d7d <unknown>\n#11 0x555e836468c3 <unknown>\n#12 0x555e836146b3 <unknown>\n#13 0x555e8361568e <unknown>\n#14 0x555e838b6a2b <unknown>\n#15 0x555e838ba9b1 <unknown>\n#16 0x555e838a3225 <unknown>\n#17 0x555e838bb532 <unknown>\n#18 0x555e8388838f <unknown>\n#19 0x555e838daf28 <unknown>\n#20 0x555e838db0f3 <unknown>\n#21 0x555e838eae7c <unknown>\n#22 0x7f7c27494ac3 <unknown>","time":{"start":1728891958273,"stop":1728891958273,"duration":0}}]},"tags":["@pytest.mark.usefixtures('sing_in')"]},"source":"794eae5321894e8f.json","parameterValues":[]}