{"uid":"fcc7dfddfbb7433c","name":"Login In","fullName":"tests.test_sing_in.TestSingIn#test_sing_in","historyId":"ce3afbae39a2b2b24e62ba5a287b04d3","time":{"start":1728975857576,"stop":1728975860607,"duration":3031},"status":"broken","statusMessage":"selenium.common.exceptions.ElementClickInterceptedException: Message: element click intercepted: Element <button type=\"submit\" class=\"action login primary\" name=\"send\" id=\"send2\">...</button> is not clickable at point (371, 899). Other element would receive the click: <div id=\"aswift_3_host\" style=\"border: none !important; height: 124px !important; width: 100% !important; margin: 0px !important; padding: 0px !important; position: relative !important; visibility: visible !important; background-color: transparent !important; display: inline-block !important; inset: auto !important; clear: none !important; float: none !important; max-height: none !important; max-width: none !important; opacity: 1 !important; overflow: visible !important; vertical-align: baseline !important; z-index: auto !important;\">...</div>\n  (Session info: chrome=129.0.6668.89)\nStacktrace:\n#0 0x55a3e62fe02a <unknown>\n#1 0x55a3e5fe45e0 <unknown>\n#2 0x55a3e603a866 <unknown>\n#3 0x55a3e603878d <unknown>\n#4 0x55a3e6036237 <unknown>\n#5 0x55a3e6035646 <unknown>\n#6 0x55a3e6028a98 <unknown>\n#7 0x55a3e6058b22 <unknown>\n#8 0x55a3e6028478 <unknown>\n#9 0x55a3e6058cee <unknown>\n#10 0x55a3e6077d7d <unknown>\n#11 0x55a3e60588c3 <unknown>\n#12 0x55a3e60266b3 <unknown>\n#13 0x55a3e602768e <unknown>\n#14 0x55a3e62c8a2b <unknown>\n#15 0x55a3e62cc9b1 <unknown>\n#16 0x55a3e62b5225 <unknown>\n#17 0x55a3e62cd532 <unknown>\n#18 0x55a3e629a38f <unknown>\n#19 0x55a3e62ecf28 <unknown>\n#20 0x55a3e62ed0f3 <unknown>\n#21 0x55a3e62fce7c <unknown>\n#22 0x7f780ee94ac3 <unknown>","statusTrace":"self = <test_sing_in.TestSingIn object at 0x7f46a59ce720>\nbrowser = <selenium.webdriver.chrome.webdriver.WebDriver (session=\"18f1c5784f69f5adf4b0eeb947099211\")>\n\n    @allure.title(\"Login In\")\n    def test_sing_in(self, browser):\n        page = SingIn(browser)\n        page.open(URL.LOGIN_PAGE)\n>       page.sing_in(email=os.getenv(\"EMAIL\"), password=os.getenv(\"PASSWORD\"))\n\ntests/test_sing_in.py:15: \n_ _ _ _ _ _ _ _ _ _ _ _ _ _ _ _ _ _ _ _ _ _ _ _ _ _ _ _ _ _ _ _ _ _ _ _ _ _ _ _ \npages/sing_in.py:14: in sing_in\n    self.is_clickable(SingInLocators.SING_IN_BUTTON).click()\n/opt/hostedtoolcache/Python/3.12.7/x64/lib/python3.12/site-packages/selenium/webdriver/remote/webelement.py:94: in click\n    self._execute(Command.CLICK_ELEMENT)\n/opt/hostedtoolcache/Python/3.12.7/x64/lib/python3.12/site-packages/selenium/webdriver/remote/webelement.py:395: in _execute\n    return self._parent.execute(command, params)\n/opt/hostedtoolcache/Python/3.12.7/x64/lib/python3.12/site-packages/selenium/webdriver/remote/webdriver.py:354: in execute\n    self.error_handler.check_response(response)\n_ _ _ _ _ _ _ _ _ _ _ _ _ _ _ _ _ _ _ _ _ _ _ _ _ _ _ _ _ _ _ _ _ _ _ _ _ _ _ _ \n\nself = <selenium.webdriver.remote.errorhandler.ErrorHandler object at 0x7f46a5983890>\nresponse = {'status': 400, 'value': '{\"value\":{\"error\":\"element click intercepted\",\"message\":\"element click intercepted: Element ...\\\\n#20 0x55a3e62ed0f3 \\\\u003Cunknown>\\\\n#21 0x55a3e62fce7c \\\\u003Cunknown>\\\\n#22 0x7f780ee94ac3 \\\\u003Cunknown>\\\\n\"}}'}\n\n    def check_response(self, response: Dict[str, Any]) -> None:\n        \"\"\"Checks that a JSON response from the WebDriver does not have an\n        error.\n    \n        :Args:\n         - response - The JSON response from the WebDriver server as a dictionary\n           object.\n    \n        :Raises: If the response contains an error message.\n        \"\"\"\n        status = response.get(\"status\", None)\n        if not status or status == ErrorCode.SUCCESS:\n            return\n        value = None\n        message = response.get(\"message\", \"\")\n        screen: str = response.get(\"screen\", \"\")\n        stacktrace = None\n        if isinstance(status, int):\n            value_json = response.get(\"value\", None)\n            if value_json and isinstance(value_json, str):\n                import json\n    \n                try:\n                    value = json.loads(value_json)\n                    if len(value) == 1:\n                        value = value[\"value\"]\n                    status = value.get(\"error\", None)\n                    if not status:\n                        status = value.get(\"status\", ErrorCode.UNKNOWN_ERROR)\n                        message = value.get(\"value\") or value.get(\"message\")\n                        if not isinstance(message, str):\n                            value = message\n                            message = message.get(\"message\")\n                    else:\n                        message = value.get(\"message\", None)\n                except ValueError:\n                    pass\n    \n        exception_class: Type[WebDriverException]\n        e = ErrorCode()\n        error_codes = [item for item in dir(e) if not item.startswith(\"__\")]\n        for error_code in error_codes:\n            error_info = getattr(ErrorCode, error_code)\n            if isinstance(error_info, list) and status in error_info:\n                exception_class = getattr(ExceptionMapping, error_code, WebDriverException)\n                break\n        else:\n            exception_class = WebDriverException\n    \n        if not value:\n            value = response[\"value\"]\n        if isinstance(value, str):\n            raise exception_class(value)\n        if message == \"\" and \"message\" in value:\n            message = value[\"message\"]\n    \n        screen = None  # type: ignore[assignment]\n        if \"screen\" in value:\n            screen = value[\"screen\"]\n    \n        stacktrace = None\n        st_value = value.get(\"stackTrace\") or value.get(\"stacktrace\")\n        if st_value:\n            if isinstance(st_value, str):\n                stacktrace = st_value.split(\"\\n\")\n            else:\n                stacktrace = []\n                try:\n                    for frame in st_value:\n                        line = frame.get(\"lineNumber\", \"\")\n                        file = frame.get(\"fileName\", \"<anonymous>\")\n                        if line:\n                            file = f\"{file}:{line}\"\n                        meth = frame.get(\"methodName\", \"<anonymous>\")\n                        if \"className\" in frame:\n                            meth = f\"{frame['className']}.{meth}\"\n                        msg = \"    at %s (%s)\"\n                        msg = msg % (meth, file)\n                        stacktrace.append(msg)\n                except TypeError:\n                    pass\n        if exception_class == UnexpectedAlertPresentException:\n            alert_text = None\n            if \"data\" in value:\n                alert_text = value[\"data\"].get(\"text\")\n            elif \"alert\" in value:\n                alert_text = value[\"alert\"].get(\"text\")\n            raise exception_class(message, screen, stacktrace, alert_text)  # type: ignore[call-arg]  # mypy is not smart enough here\n>       raise exception_class(message, screen, stacktrace)\nE       selenium.common.exceptions.ElementClickInterceptedException: Message: element click intercepted: Element <button type=\"submit\" class=\"action login primary\" name=\"send\" id=\"send2\">...</button> is not clickable at point (371, 899). Other element would receive the click: <div id=\"aswift_3_host\" style=\"border: none !important; height: 124px !important; width: 100% !important; margin: 0px !important; padding: 0px !important; position: relative !important; visibility: visible !important; background-color: transparent !important; display: inline-block !important; inset: auto !important; clear: none !important; float: none !important; max-height: none !important; max-width: none !important; opacity: 1 !important; overflow: visible !important; vertical-align: baseline !important; z-index: auto !important;\">...</div>\nE         (Session info: chrome=129.0.6668.89)\nE       Stacktrace:\nE       #0 0x55a3e62fe02a <unknown>\nE       #1 0x55a3e5fe45e0 <unknown>\nE       #2 0x55a3e603a866 <unknown>\nE       #3 0x55a3e603878d <unknown>\nE       #4 0x55a3e6036237 <unknown>\nE       #5 0x55a3e6035646 <unknown>\nE       #6 0x55a3e6028a98 <unknown>\nE       #7 0x55a3e6058b22 <unknown>\nE       #8 0x55a3e6028478 <unknown>\nE       #9 0x55a3e6058cee <unknown>\nE       #10 0x55a3e6077d7d <unknown>\nE       #11 0x55a3e60588c3 <unknown>\nE       #12 0x55a3e60266b3 <unknown>\nE       #13 0x55a3e602768e <unknown>\nE       #14 0x55a3e62c8a2b <unknown>\nE       #15 0x55a3e62cc9b1 <unknown>\nE       #16 0x55a3e62b5225 <unknown>\nE       #17 0x55a3e62cd532 <unknown>\nE       #18 0x55a3e629a38f <unknown>\nE       #19 0x55a3e62ecf28 <unknown>\nE       #20 0x55a3e62ed0f3 <unknown>\nE       #21 0x55a3e62fce7c <unknown>\nE       #22 0x7f780ee94ac3 <unknown>\n\n/opt/hostedtoolcache/Python/3.12.7/x64/lib/python3.12/site-packages/selenium/webdriver/remote/errorhandler.py:229: ElementClickInterceptedException","flaky":false,"newFailed":false,"newBroken":false,"newPassed":false,"retriesCount":0,"retriesStatusChange":false,"beforeStages":[{"name":"chrome_options","time":{"start":1728975857297,"stop":1728975857297,"duration":0},"status":"passed","steps":[],"attachments":[],"parameters":[],"shouldDisplayMessage":false,"stepsCount":0,"attachmentsCount":0,"hasContent":false},{"name":"browser","time":{"start":1728975857297,"stop":1728975857575,"duration":278},"status":"passed","steps":[],"attachments":[],"parameters":[],"shouldDisplayMessage":false,"stepsCount":0,"attachmentsCount":0,"hasContent":false}],"testStage":{"status":"broken","statusMessage":"selenium.common.exceptions.ElementClickInterceptedException: Message: element click intercepted: Element <button type=\"submit\" class=\"action login primary\" name=\"send\" id=\"send2\">...</button> is not clickable at point (371, 899). Other element would receive the click: <div id=\"aswift_3_host\" style=\"border: none !important; height: 124px !important; width: 100% !important; margin: 0px !important; padding: 0px !important; position: relative !important; visibility: visible !important; background-color: transparent !important; display: inline-block !important; inset: auto !important; clear: none !important; float: none !important; max-height: none !important; max-width: none !important; opacity: 1 !important; overflow: visible !important; vertical-align: baseline !important; z-index: auto !important;\">...</div>\n  (Session info: chrome=129.0.6668.89)\nStacktrace:\n#0 0x55a3e62fe02a <unknown>\n#1 0x55a3e5fe45e0 <unknown>\n#2 0x55a3e603a866 <unknown>\n#3 0x55a3e603878d <unknown>\n#4 0x55a3e6036237 <unknown>\n#5 0x55a3e6035646 <unknown>\n#6 0x55a3e6028a98 <unknown>\n#7 0x55a3e6058b22 <unknown>\n#8 0x55a3e6028478 <unknown>\n#9 0x55a3e6058cee <unknown>\n#10 0x55a3e6077d7d <unknown>\n#11 0x55a3e60588c3 <unknown>\n#12 0x55a3e60266b3 <unknown>\n#13 0x55a3e602768e <unknown>\n#14 0x55a3e62c8a2b <unknown>\n#15 0x55a3e62cc9b1 <unknown>\n#16 0x55a3e62b5225 <unknown>\n#17 0x55a3e62cd532 <unknown>\n#18 0x55a3e629a38f <unknown>\n#19 0x55a3e62ecf28 <unknown>\n#20 0x55a3e62ed0f3 <unknown>\n#21 0x55a3e62fce7c <unknown>\n#22 0x7f780ee94ac3 <unknown>","statusTrace":"self = <test_sing_in.TestSingIn object at 0x7f46a59ce720>\nbrowser = <selenium.webdriver.chrome.webdriver.WebDriver (session=\"18f1c5784f69f5adf4b0eeb947099211\")>\n\n    @allure.title(\"Login In\")\n    def test_sing_in(self, browser):\n        page = SingIn(browser)\n        page.open(URL.LOGIN_PAGE)\n>       page.sing_in(email=os.getenv(\"EMAIL\"), password=os.getenv(\"PASSWORD\"))\n\ntests/test_sing_in.py:15: \n_ _ _ _ _ _ _ _ _ _ _ _ _ _ _ _ _ _ _ _ _ _ _ _ _ _ _ _ _ _ _ _ _ _ _ _ _ _ _ _ \npages/sing_in.py:14: in sing_in\n    self.is_clickable(SingInLocators.SING_IN_BUTTON).click()\n/opt/hostedtoolcache/Python/3.12.7/x64/lib/python3.12/site-packages/selenium/webdriver/remote/webelement.py:94: in click\n    self._execute(Command.CLICK_ELEMENT)\n/opt/hostedtoolcache/Python/3.12.7/x64/lib/python3.12/site-packages/selenium/webdriver/remote/webelement.py:395: in _execute\n    return self._parent.execute(command, params)\n/opt/hostedtoolcache/Python/3.12.7/x64/lib/python3.12/site-packages/selenium/webdriver/remote/webdriver.py:354: in execute\n    self.error_handler.check_response(response)\n_ _ _ _ _ _ _ _ _ _ _ _ _ _ _ _ _ _ _ _ _ _ _ _ _ _ _ _ _ _ _ _ _ _ _ _ _ _ _ _ \n\nself = <selenium.webdriver.remote.errorhandler.ErrorHandler object at 0x7f46a5983890>\nresponse = {'status': 400, 'value': '{\"value\":{\"error\":\"element click intercepted\",\"message\":\"element click intercepted: Element ...\\\\n#20 0x55a3e62ed0f3 \\\\u003Cunknown>\\\\n#21 0x55a3e62fce7c \\\\u003Cunknown>\\\\n#22 0x7f780ee94ac3 \\\\u003Cunknown>\\\\n\"}}'}\n\n    def check_response(self, response: Dict[str, Any]) -> None:\n        \"\"\"Checks that a JSON response from the WebDriver does not have an\n        error.\n    \n        :Args:\n         - response - The JSON response from the WebDriver server as a dictionary\n           object.\n    \n        :Raises: If the response contains an error message.\n        \"\"\"\n        status = response.get(\"status\", None)\n        if not status or status == ErrorCode.SUCCESS:\n            return\n        value = None\n        message = response.get(\"message\", \"\")\n        screen: str = response.get(\"screen\", \"\")\n        stacktrace = None\n        if isinstance(status, int):\n            value_json = response.get(\"value\", None)\n            if value_json and isinstance(value_json, str):\n                import json\n    \n                try:\n                    value = json.loads(value_json)\n                    if len(value) == 1:\n                        value = value[\"value\"]\n                    status = value.get(\"error\", None)\n                    if not status:\n                        status = value.get(\"status\", ErrorCode.UNKNOWN_ERROR)\n                        message = value.get(\"value\") or value.get(\"message\")\n                        if not isinstance(message, str):\n                            value = message\n                            message = message.get(\"message\")\n                    else:\n                        message = value.get(\"message\", None)\n                except ValueError:\n                    pass\n    \n        exception_class: Type[WebDriverException]\n        e = ErrorCode()\n        error_codes = [item for item in dir(e) if not item.startswith(\"__\")]\n        for error_code in error_codes:\n            error_info = getattr(ErrorCode, error_code)\n            if isinstance(error_info, list) and status in error_info:\n                exception_class = getattr(ExceptionMapping, error_code, WebDriverException)\n                break\n        else:\n            exception_class = WebDriverException\n    \n        if not value:\n            value = response[\"value\"]\n        if isinstance(value, str):\n            raise exception_class(value)\n        if message == \"\" and \"message\" in value:\n            message = value[\"message\"]\n    \n        screen = None  # type: ignore[assignment]\n        if \"screen\" in value:\n            screen = value[\"screen\"]\n    \n        stacktrace = None\n        st_value = value.get(\"stackTrace\") or value.get(\"stacktrace\")\n        if st_value:\n            if isinstance(st_value, str):\n                stacktrace = st_value.split(\"\\n\")\n            else:\n                stacktrace = []\n                try:\n                    for frame in st_value:\n                        line = frame.get(\"lineNumber\", \"\")\n                        file = frame.get(\"fileName\", \"<anonymous>\")\n                        if line:\n                            file = f\"{file}:{line}\"\n                        meth = frame.get(\"methodName\", \"<anonymous>\")\n                        if \"className\" in frame:\n                            meth = f\"{frame['className']}.{meth}\"\n                        msg = \"    at %s (%s)\"\n                        msg = msg % (meth, file)\n                        stacktrace.append(msg)\n                except TypeError:\n                    pass\n        if exception_class == UnexpectedAlertPresentException:\n            alert_text = None\n            if \"data\" in value:\n                alert_text = value[\"data\"].get(\"text\")\n            elif \"alert\" in value:\n                alert_text = value[\"alert\"].get(\"text\")\n            raise exception_class(message, screen, stacktrace, alert_text)  # type: ignore[call-arg]  # mypy is not smart enough here\n>       raise exception_class(message, screen, stacktrace)\nE       selenium.common.exceptions.ElementClickInterceptedException: Message: element click intercepted: Element <button type=\"submit\" class=\"action login primary\" name=\"send\" id=\"send2\">...</button> is not clickable at point (371, 899). Other element would receive the click: <div id=\"aswift_3_host\" style=\"border: none !important; height: 124px !important; width: 100% !important; margin: 0px !important; padding: 0px !important; position: relative !important; visibility: visible !important; background-color: transparent !important; display: inline-block !important; inset: auto !important; clear: none !important; float: none !important; max-height: none !important; max-width: none !important; opacity: 1 !important; overflow: visible !important; vertical-align: baseline !important; z-index: auto !important;\">...</div>\nE         (Session info: chrome=129.0.6668.89)\nE       Stacktrace:\nE       #0 0x55a3e62fe02a <unknown>\nE       #1 0x55a3e5fe45e0 <unknown>\nE       #2 0x55a3e603a866 <unknown>\nE       #3 0x55a3e603878d <unknown>\nE       #4 0x55a3e6036237 <unknown>\nE       #5 0x55a3e6035646 <unknown>\nE       #6 0x55a3e6028a98 <unknown>\nE       #7 0x55a3e6058b22 <unknown>\nE       #8 0x55a3e6028478 <unknown>\nE       #9 0x55a3e6058cee <unknown>\nE       #10 0x55a3e6077d7d <unknown>\nE       #11 0x55a3e60588c3 <unknown>\nE       #12 0x55a3e60266b3 <unknown>\nE       #13 0x55a3e602768e <unknown>\nE       #14 0x55a3e62c8a2b <unknown>\nE       #15 0x55a3e62cc9b1 <unknown>\nE       #16 0x55a3e62b5225 <unknown>\nE       #17 0x55a3e62cd532 <unknown>\nE       #18 0x55a3e629a38f <unknown>\nE       #19 0x55a3e62ecf28 <unknown>\nE       #20 0x55a3e62ed0f3 <unknown>\nE       #21 0x55a3e62fce7c <unknown>\nE       #22 0x7f780ee94ac3 <unknown>\n\n/opt/hostedtoolcache/Python/3.12.7/x64/lib/python3.12/site-packages/selenium/webdriver/remote/errorhandler.py:229: ElementClickInterceptedException","steps":[{"name":"Открытие cтраницы","time":{"start":1728975857576,"stop":1728975859003,"duration":1427},"status":"passed","steps":[],"attachments":[],"parameters":[{"name":"url","value":"'https://magento.softwaretestingboard.com/customer/account/login/'"}],"shouldDisplayMessage":false,"stepsCount":0,"attachmentsCount":0,"hasContent":true},{"name":"Fill email field","time":{"start":1728975859003,"stop":1728975859357,"duration":354},"status":"passed","steps":[],"attachments":[],"parameters":[],"shouldDisplayMessage":false,"stepsCount":0,"attachmentsCount":0,"hasContent":false},{"name":"Fill password field","time":{"start":1728975859357,"stop":1728975859475,"duration":118},"status":"passed","steps":[],"attachments":[],"parameters":[],"shouldDisplayMessage":false,"stepsCount":0,"attachmentsCount":0,"hasContent":false},{"name":"Click on Sing In button","time":{"start":1728975859475,"stop":1728975860606,"duration":1131},"status":"broken","statusMessage":"selenium.common.exceptions.ElementClickInterceptedException: Message: element click intercepted: Element <button type=\"submit\" class=\"action login primary\" name=\"send\" id=\"send2\">...</button> is not clickable at point (371, 899). Other element would receive the click: <div id=\"aswift_3_host\" style=\"border: none !important; height: 124px !important; width: 100% !important; margin: 0px !important; padding: 0px !important; position: relative !important; visibility: visible !important; background-color: transparent !important; display: inline-block !important; inset: auto !important; clear: none !important; float: none !important; max-height: none !important; max-width: none !important; opacity: 1 !important; overflow: visible !important; vertical-align: baseline !important; z-index: auto !important;\">...</div>\n  (Session info: chrome=129.0.6668.89)\nStacktrace:\n#0 0x55a3e62fe02a <unknown>\n#1 0x55a3e5fe45e0 <unknown>\n#2 0x55a3e603a866 <unknown>\n#3 0x55a3e603878d <unknown>\n#4 0x55a3e6036237 <unknown>\n#5 0x55a3e6035646 <unknown>\n#6 0x55a3e6028a98 <unknown>\n#7 0x55a3e6058b22 <unknown>\n#8 0x55a3e6028478 <unknown>\n#9 0x55a3e6058cee <unknown>\n#10 0x55a3e6077d7d <unknown>\n#11 0x55a3e60588c3 <unknown>\n#12 0x55a3e60266b3 <unknown>\n#13 0x55a3e602768e <unknown>\n#14 0x55a3e62c8a2b <unknown>\n#15 0x55a3e62cc9b1 <unknown>\n#16 0x55a3e62b5225 <unknown>\n#17 0x55a3e62cd532 <unknown>\n#18 0x55a3e629a38f <unknown>\n#19 0x55a3e62ecf28 <unknown>\n#20 0x55a3e62ed0f3 <unknown>\n#21 0x55a3e62fce7c <unknown>\n#22 0x7f780ee94ac3 <unknown>\n\n","statusTrace":"  File \"/home/runner/work/pet_luma/pet_luma/pages/sing_in.py\", line 14, in sing_in\n    self.is_clickable(SingInLocators.SING_IN_BUTTON).click()\n  File \"/opt/hostedtoolcache/Python/3.12.7/x64/lib/python3.12/site-packages/selenium/webdriver/remote/webelement.py\", line 94, in click\n    self._execute(Command.CLICK_ELEMENT)\n  File \"/opt/hostedtoolcache/Python/3.12.7/x64/lib/python3.12/site-packages/selenium/webdriver/remote/webelement.py\", line 395, in _execute\n    return self._parent.execute(command, params)\n           ^^^^^^^^^^^^^^^^^^^^^^^^^^^^^^^^^^^^^\n  File \"/opt/hostedtoolcache/Python/3.12.7/x64/lib/python3.12/site-packages/selenium/webdriver/remote/webdriver.py\", line 354, in execute\n    self.error_handler.check_response(response)\n  File \"/opt/hostedtoolcache/Python/3.12.7/x64/lib/python3.12/site-packages/selenium/webdriver/remote/errorhandler.py\", line 229, in check_response\n    raise exception_class(message, screen, stacktrace)\n","steps":[],"attachments":[],"parameters":[],"shouldDisplayMessage":true,"stepsCount":0,"attachmentsCount":0,"hasContent":true}],"attachments":[],"parameters":[],"shouldDisplayMessage":true,"stepsCount":4,"attachmentsCount":0,"hasContent":true},"afterStages":[{"name":"browser::0","time":{"start":1728975860639,"stop":1728975860711,"duration":72},"status":"passed","steps":[],"attachments":[],"parameters":[],"shouldDisplayMessage":false,"stepsCount":0,"attachmentsCount":0,"hasContent":false}],"labels":[{"name":"suite","value":"Login In"},{"name":"parentSuite","value":"tests"},{"name":"subSuite","value":"TestSingIn"},{"name":"host","value":"fv-az1118-594"},{"name":"thread","value":"2166-MainThread"},{"name":"framework","value":"pytest"},{"name":"language","value":"cpython3"},{"name":"package","value":"tests.test_sing_in"},{"name":"resultFormat","value":"allure2"}],"parameters":[],"links":[],"hidden":false,"retry":false,"extra":{"severity":"normal","retries":[],"categories":[{"name":"Test defects","matchedStatuses":[],"flaky":false}],"history":{"statistic":{"failed":0,"broken":2,"skipped":0,"passed":0,"unknown":0,"total":2},"items":[{"uid":"cb8c050fe19451da","reportUrl":"https://zomlik.github.io/pet_luma/14//#testresult/cb8c050fe19451da","status":"broken","statusDetails":"selenium.common.exceptions.TimeoutException: Message: Can't find element by ('css selector', '.logged-in')\nStacktrace:\n#0 0x55f15ee9502a <unknown>\n#1 0x55f15eb7b5e0 <unknown>\n#2 0x55f15ebcabe8 <unknown>\n#3 0x55f15ebcae81 <unknown>\n#4 0x55f15ec118c4 <unknown>\n#5 0x55f15ebefb4d <unknown>\n#6 0x55f15ec0ed7d <unknown>\n#7 0x55f15ebef8c3 <unknown>\n#8 0x55f15ebbd6b3 <unknown>\n#9 0x55f15ebbe68e <unknown>\n#10 0x55f15ee5fa2b <unknown>\n#11 0x55f15ee639b1 <unknown>\n#12 0x55f15ee4c225 <unknown>\n#13 0x55f15ee64532 <unknown>\n#14 0x55f15ee3138f <unknown>\n#15 0x55f15ee83f28 <unknown>\n#16 0x55f15ee840f3 <unknown>\n#17 0x55f15ee93e7c <unknown>\n#18 0x7fb1fb294ac3 <unknown>","time":{"start":1728892001420,"stop":1728892025615,"duration":24195}}]},"tags":[]},"source":"fcc7dfddfbb7433c.json","parameterValues":[]}