{"uid":"f91f9857003e0a47","name":"Login in with empty email field","fullName":"tests.test_sing_in.TestSingIn#test_empty_email_field","historyId":"3c864064f4c2438f301524ed99b95092","time":{"start":1728991932476,"stop":1728991953545,"duration":21069},"status":"broken","statusMessage":"selenium.common.exceptions.TimeoutException: Message: Can't find element by ('css selector', '#email')\nStacktrace:\n#0 0x558c7ceec02a <unknown>\n#1 0x558c7cbd25e0 <unknown>\n#2 0x558c7cc21be8 <unknown>\n#3 0x558c7cc21e81 <unknown>\n#4 0x558c7cc688c4 <unknown>\n#5 0x558c7cc46b4d <unknown>\n#6 0x558c7cc65d7d <unknown>\n#7 0x558c7cc468c3 <unknown>\n#8 0x558c7cc146b3 <unknown>\n#9 0x558c7cc1568e <unknown>\n#10 0x558c7ceb6a2b <unknown>\n#11 0x558c7ceba9b1 <unknown>\n#12 0x558c7cea3225 <unknown>\n#13 0x558c7cebb532 <unknown>\n#14 0x558c7ce8838f <unknown>\n#15 0x558c7cedaf28 <unknown>\n#16 0x558c7cedb0f3 <unknown>\n#17 0x558c7ceeae7c <unknown>\n#18 0x7fcfb8694ac3 <unknown>","statusTrace":"self = <test_sing_in.TestSingIn object at 0x7f09f53e7530>\nbrowser = <selenium.webdriver.chrome.webdriver.WebDriver (session=\"003b3160cd845d23aef8c9d3c56c55e1\")>\n\n    @allure.title(\"Login in with empty email field\")\n    def test_empty_email_field(self, browser):\n        page = SingIn(browser)\n>       page.sing_in(email=\"\", password=\"123456\")\n\ntests/test_sing_in.py:22: \n_ _ _ _ _ _ _ _ _ _ _ _ _ _ _ _ _ _ _ _ _ _ _ _ _ _ _ _ _ _ _ _ _ _ _ _ _ _ _ _ \npages/sing_in.py:10: in sing_in\n    self.is_visible(SingInLocators.EMAIL).send_keys(email)\nbase/base_page.py:48: in is_visible\n    return Wait(self.browser, timeout).until(ec.visibility_of_element_located(locator),\n_ _ _ _ _ _ _ _ _ _ _ _ _ _ _ _ _ _ _ _ _ _ _ _ _ _ _ _ _ _ _ _ _ _ _ _ _ _ _ _ \n\nself = <selenium.webdriver.support.wait.WebDriverWait (session=\"003b3160cd845d23aef8c9d3c56c55e1\")>\nmethod = <function visibility_of_element_located.<locals>._predicate at 0x7f09f52ff6a0>\nmessage = \"Can't find element by ('css selector', '#email')\"\n\n    def until(self, method: Callable[[D], Union[Literal[False], T]], message: str = \"\") -> T:\n        \"\"\"Calls the method provided with the driver as an argument until the \\\n        return value does not evaluate to ``False``.\n    \n        :param method: callable(WebDriver)\n        :param message: optional message for :exc:`TimeoutException`\n        :returns: the result of the last call to `method`\n        :raises: :exc:`selenium.common.exceptions.TimeoutException` if timeout occurs\n        \"\"\"\n        screen = None\n        stacktrace = None\n    \n        end_time = time.monotonic() + self._timeout\n        while True:\n            try:\n                value = method(self._driver)\n                if value:\n                    return value\n            except self._ignored_exceptions as exc:\n                screen = getattr(exc, \"screen\", None)\n                stacktrace = getattr(exc, \"stacktrace\", None)\n            time.sleep(self._poll)\n            if time.monotonic() > end_time:\n                break\n>       raise TimeoutException(message, screen, stacktrace)\nE       selenium.common.exceptions.TimeoutException: Message: Can't find element by ('css selector', '#email')\nE       Stacktrace:\nE       #0 0x558c7ceec02a <unknown>\nE       #1 0x558c7cbd25e0 <unknown>\nE       #2 0x558c7cc21be8 <unknown>\nE       #3 0x558c7cc21e81 <unknown>\nE       #4 0x558c7cc688c4 <unknown>\nE       #5 0x558c7cc46b4d <unknown>\nE       #6 0x558c7cc65d7d <unknown>\nE       #7 0x558c7cc468c3 <unknown>\nE       #8 0x558c7cc146b3 <unknown>\nE       #9 0x558c7cc1568e <unknown>\nE       #10 0x558c7ceb6a2b <unknown>\nE       #11 0x558c7ceba9b1 <unknown>\nE       #12 0x558c7cea3225 <unknown>\nE       #13 0x558c7cebb532 <unknown>\nE       #14 0x558c7ce8838f <unknown>\nE       #15 0x558c7cedaf28 <unknown>\nE       #16 0x558c7cedb0f3 <unknown>\nE       #17 0x558c7ceeae7c <unknown>\nE       #18 0x7fcfb8694ac3 <unknown>\n\n/opt/hostedtoolcache/Python/3.12.7/x64/lib/python3.12/site-packages/selenium/webdriver/support/wait.py:105: TimeoutException","flaky":false,"newFailed":false,"newBroken":false,"newPassed":false,"retriesCount":0,"retriesStatusChange":false,"beforeStages":[{"name":"chrome_options","time":{"start":1728991932207,"stop":1728991932207,"duration":0},"status":"passed","steps":[],"attachments":[],"parameters":[],"shouldDisplayMessage":false,"stepsCount":0,"attachmentsCount":0,"hasContent":false},{"name":"browser","time":{"start":1728991932207,"stop":1728991932475,"duration":268},"status":"passed","steps":[],"attachments":[],"parameters":[],"shouldDisplayMessage":false,"stepsCount":0,"attachmentsCount":0,"hasContent":false}],"testStage":{"status":"broken","statusMessage":"selenium.common.exceptions.TimeoutException: Message: Can't find element by ('css selector', '#email')\nStacktrace:\n#0 0x558c7ceec02a <unknown>\n#1 0x558c7cbd25e0 <unknown>\n#2 0x558c7cc21be8 <unknown>\n#3 0x558c7cc21e81 <unknown>\n#4 0x558c7cc688c4 <unknown>\n#5 0x558c7cc46b4d <unknown>\n#6 0x558c7cc65d7d <unknown>\n#7 0x558c7cc468c3 <unknown>\n#8 0x558c7cc146b3 <unknown>\n#9 0x558c7cc1568e <unknown>\n#10 0x558c7ceb6a2b <unknown>\n#11 0x558c7ceba9b1 <unknown>\n#12 0x558c7cea3225 <unknown>\n#13 0x558c7cebb532 <unknown>\n#14 0x558c7ce8838f <unknown>\n#15 0x558c7cedaf28 <unknown>\n#16 0x558c7cedb0f3 <unknown>\n#17 0x558c7ceeae7c <unknown>\n#18 0x7fcfb8694ac3 <unknown>","statusTrace":"self = <test_sing_in.TestSingIn object at 0x7f09f53e7530>\nbrowser = <selenium.webdriver.chrome.webdriver.WebDriver (session=\"003b3160cd845d23aef8c9d3c56c55e1\")>\n\n    @allure.title(\"Login in with empty email field\")\n    def test_empty_email_field(self, browser):\n        page = SingIn(browser)\n>       page.sing_in(email=\"\", password=\"123456\")\n\ntests/test_sing_in.py:22: \n_ _ _ _ _ _ _ _ _ _ _ _ _ _ _ _ _ _ _ _ _ _ _ _ _ _ _ _ _ _ _ _ _ _ _ _ _ _ _ _ \npages/sing_in.py:10: in sing_in\n    self.is_visible(SingInLocators.EMAIL).send_keys(email)\nbase/base_page.py:48: in is_visible\n    return Wait(self.browser, timeout).until(ec.visibility_of_element_located(locator),\n_ _ _ _ _ _ _ _ _ _ _ _ _ _ _ _ _ _ _ _ _ _ _ _ _ _ _ _ _ _ _ _ _ _ _ _ _ _ _ _ \n\nself = <selenium.webdriver.support.wait.WebDriverWait (session=\"003b3160cd845d23aef8c9d3c56c55e1\")>\nmethod = <function visibility_of_element_located.<locals>._predicate at 0x7f09f52ff6a0>\nmessage = \"Can't find element by ('css selector', '#email')\"\n\n    def until(self, method: Callable[[D], Union[Literal[False], T]], message: str = \"\") -> T:\n        \"\"\"Calls the method provided with the driver as an argument until the \\\n        return value does not evaluate to ``False``.\n    \n        :param method: callable(WebDriver)\n        :param message: optional message for :exc:`TimeoutException`\n        :returns: the result of the last call to `method`\n        :raises: :exc:`selenium.common.exceptions.TimeoutException` if timeout occurs\n        \"\"\"\n        screen = None\n        stacktrace = None\n    \n        end_time = time.monotonic() + self._timeout\n        while True:\n            try:\n                value = method(self._driver)\n                if value:\n                    return value\n            except self._ignored_exceptions as exc:\n                screen = getattr(exc, \"screen\", None)\n                stacktrace = getattr(exc, \"stacktrace\", None)\n            time.sleep(self._poll)\n            if time.monotonic() > end_time:\n                break\n>       raise TimeoutException(message, screen, stacktrace)\nE       selenium.common.exceptions.TimeoutException: Message: Can't find element by ('css selector', '#email')\nE       Stacktrace:\nE       #0 0x558c7ceec02a <unknown>\nE       #1 0x558c7cbd25e0 <unknown>\nE       #2 0x558c7cc21be8 <unknown>\nE       #3 0x558c7cc21e81 <unknown>\nE       #4 0x558c7cc688c4 <unknown>\nE       #5 0x558c7cc46b4d <unknown>\nE       #6 0x558c7cc65d7d <unknown>\nE       #7 0x558c7cc468c3 <unknown>\nE       #8 0x558c7cc146b3 <unknown>\nE       #9 0x558c7cc1568e <unknown>\nE       #10 0x558c7ceb6a2b <unknown>\nE       #11 0x558c7ceba9b1 <unknown>\nE       #12 0x558c7cea3225 <unknown>\nE       #13 0x558c7cebb532 <unknown>\nE       #14 0x558c7ce8838f <unknown>\nE       #15 0x558c7cedaf28 <unknown>\nE       #16 0x558c7cedb0f3 <unknown>\nE       #17 0x558c7ceeae7c <unknown>\nE       #18 0x7fcfb8694ac3 <unknown>\n\n/opt/hostedtoolcache/Python/3.12.7/x64/lib/python3.12/site-packages/selenium/webdriver/support/wait.py:105: TimeoutException","steps":[{"name":"Fill email field","time":{"start":1728991932476,"stop":1728991953544,"duration":21068},"status":"broken","statusMessage":"selenium.common.exceptions.TimeoutException: Message: Can't find element by ('css selector', '#email')\nStacktrace:\n#0 0x558c7ceec02a <unknown>\n#1 0x558c7cbd25e0 <unknown>\n#2 0x558c7cc21be8 <unknown>\n#3 0x558c7cc21e81 <unknown>\n#4 0x558c7cc688c4 <unknown>\n#5 0x558c7cc46b4d <unknown>\n#6 0x558c7cc65d7d <unknown>\n#7 0x558c7cc468c3 <unknown>\n#8 0x558c7cc146b3 <unknown>\n#9 0x558c7cc1568e <unknown>\n#10 0x558c7ceb6a2b <unknown>\n#11 0x558c7ceba9b1 <unknown>\n#12 0x558c7cea3225 <unknown>\n#13 0x558c7cebb532 <unknown>\n#14 0x558c7ce8838f <unknown>\n#15 0x558c7cedaf28 <unknown>\n#16 0x558c7cedb0f3 <unknown>\n#17 0x558c7ceeae7c <unknown>\n#18 0x7fcfb8694ac3 <unknown>\n\n","statusTrace":"  File \"/home/runner/work/pet_luma/pet_luma/pages/sing_in.py\", line 10, in sing_in\n    self.is_visible(SingInLocators.EMAIL).send_keys(email)\n    ^^^^^^^^^^^^^^^^^^^^^^^^^^^^^^^^^^^^^\n  File \"/home/runner/work/pet_luma/pet_luma/base/base_page.py\", line 48, in is_visible\n    return Wait(self.browser, timeout).until(ec.visibility_of_element_located(locator),\n           ^^^^^^^^^^^^^^^^^^^^^^^^^^^^^^^^^^^^^^^^^^^^^^^^^^^^^^^^^^^^^^^^^^^^^^^^^^^^\n  File \"/opt/hostedtoolcache/Python/3.12.7/x64/lib/python3.12/site-packages/selenium/webdriver/support/wait.py\", line 105, in until\n    raise TimeoutException(message, screen, stacktrace)\n","steps":[],"attachments":[],"parameters":[],"shouldDisplayMessage":true,"stepsCount":0,"attachmentsCount":0,"hasContent":true}],"attachments":[{"uid":"391f64f187ff969","name":"Screenshot 2024-10-15 11:32:33.638679","source":"391f64f187ff969.png","type":"image/png","size":7498}],"parameters":[],"shouldDisplayMessage":true,"stepsCount":1,"attachmentsCount":1,"hasContent":true},"afterStages":[{"name":"browser::0","time":{"start":1728991953639,"stop":1728991953722,"duration":83},"status":"passed","steps":[],"attachments":[],"parameters":[],"shouldDisplayMessage":false,"stepsCount":0,"attachmentsCount":0,"hasContent":false}],"labels":[{"name":"suite","value":"Login In"},{"name":"parentSuite","value":"tests"},{"name":"subSuite","value":"TestSingIn"},{"name":"host","value":"fv-az1788-929"},{"name":"thread","value":"2077-MainThread"},{"name":"framework","value":"pytest"},{"name":"language","value":"cpython3"},{"name":"package","value":"tests.test_sing_in"},{"name":"resultFormat","value":"allure2"}],"parameters":[],"links":[],"hidden":false,"retry":false,"extra":{"severity":"normal","retries":[],"categories":[{"name":"Test defects","matchedStatuses":[],"flaky":false}],"history":{"statistic":{"failed":0,"broken":3,"skipped":0,"passed":1,"unknown":0,"total":4},"items":[{"uid":"af68276291e7a6a4","reportUrl":"https://zomlik.github.io/pet_luma/16//#testresult/af68276291e7a6a4","status":"broken","statusDetails":"selenium.common.exceptions.TimeoutException: Message: Can't find element by ('css selector', '#email')\nStacktrace:\n#0 0x55b5b725c02a <unknown>\n#1 0x55b5b6f425e0 <unknown>\n#2 0x55b5b6f91be8 <unknown>\n#3 0x55b5b6f91e81 <unknown>\n#4 0x55b5b6fd88c4 <unknown>\n#5 0x55b5b6fb6b4d <unknown>\n#6 0x55b5b6fd5d7d <unknown>\n#7 0x55b5b6fb68c3 <unknown>\n#8 0x55b5b6f846b3 <unknown>\n#9 0x55b5b6f8568e <unknown>\n#10 0x55b5b7226a2b <unknown>\n#11 0x55b5b722a9b1 <unknown>\n#12 0x55b5b7213225 <unknown>\n#13 0x55b5b722b532 <unknown>\n#14 0x55b5b71f838f <unknown>\n#15 0x55b5b724af28 <unknown>\n#16 0x55b5b724b0f3 <unknown>\n#17 0x55b5b725ae7c <unknown>\n#18 0x7f615ac94ac3 <unknown>","time":{"start":1728976565116,"stop":1728976586203,"duration":21087}},{"uid":"2dfa5571dafaf1fa","reportUrl":"https://zomlik.github.io/pet_luma/15//#testresult/2dfa5571dafaf1fa","status":"broken","statusDetails":"selenium.common.exceptions.TimeoutException: Message: Can't find element by ('css selector', '#email')\nStacktrace:\n#0 0x5586852f002a <unknown>\n#1 0x558684fd65e0 <unknown>\n#2 0x558685025be8 <unknown>\n#3 0x558685025e81 <unknown>\n#4 0x55868506c8c4 <unknown>\n#5 0x55868504ab4d <unknown>\n#6 0x558685069d7d <unknown>\n#7 0x55868504a8c3 <unknown>\n#8 0x5586850186b3 <unknown>\n#9 0x55868501968e <unknown>\n#10 0x5586852baa2b <unknown>\n#11 0x5586852be9b1 <unknown>\n#12 0x5586852a7225 <unknown>\n#13 0x5586852bf532 <unknown>\n#14 0x55868528c38f <unknown>\n#15 0x5586852def28 <unknown>\n#16 0x5586852df0f3 <unknown>\n#17 0x5586852eee7c <unknown>\n#18 0x7fa1cd294ac3 <unknown>","time":{"start":1728975860994,"stop":1728975882072,"duration":21078}},{"uid":"296b17d3d6208dac","reportUrl":"https://zomlik.github.io/pet_luma/14//#testresult/296b17d3d6208dac","status":"passed","time":{"start":1728892025987,"stop":1728892027480,"duration":1493}}]},"tags":[]},"source":"f91f9857003e0a47.json","parameterValues":[]}