{"uid":"cb8c050fe19451da","name":"Базавая Авторизация","fullName":"tests.test_sing_in.TestSingIn#test_sing_in","historyId":"ce3afbae39a2b2b24e62ba5a287b04d3","time":{"start":1728892001420,"stop":1728892025615,"duration":24195},"status":"broken","statusMessage":"selenium.common.exceptions.TimeoutException: Message: Can't find element by ('css selector', '.logged-in')\nStacktrace:\n#0 0x55f15ee9502a <unknown>\n#1 0x55f15eb7b5e0 <unknown>\n#2 0x55f15ebcabe8 <unknown>\n#3 0x55f15ebcae81 <unknown>\n#4 0x55f15ec118c4 <unknown>\n#5 0x55f15ebefb4d <unknown>\n#6 0x55f15ec0ed7d <unknown>\n#7 0x55f15ebef8c3 <unknown>\n#8 0x55f15ebbd6b3 <unknown>\n#9 0x55f15ebbe68e <unknown>\n#10 0x55f15ee5fa2b <unknown>\n#11 0x55f15ee639b1 <unknown>\n#12 0x55f15ee4c225 <unknown>\n#13 0x55f15ee64532 <unknown>\n#14 0x55f15ee3138f <unknown>\n#15 0x55f15ee83f28 <unknown>\n#16 0x55f15ee840f3 <unknown>\n#17 0x55f15ee93e7c <unknown>\n#18 0x7fb1fb294ac3 <unknown>","statusTrace":"self = <test_sing_in.TestSingIn object at 0x7fa1516208c0>\nbrowser = <selenium.webdriver.chrome.webdriver.WebDriver (session=\"8b4746dc67776c80a47d9902d61dda20\")>\n\n    @allure.title(\"Базавая Авторизация\")\n    def test_sing_in(self, browser):\n        page = SingIn(browser)\n        page.open(URL.LOGIN_PAGE)\n        page.send_email(TestsData.EMAIL)\n        page.send_password(TestsData.PASSWORD)\n        page.click_sing_in_button()\n        with allure.step(\"Сообщение об успешной авторизации\"):\n>           assert \"Welcome\" in page.welcome_message()\n\ntests/test_sing_in.py:35: \n_ _ _ _ _ _ _ _ _ _ _ _ _ _ _ _ _ _ _ _ _ _ _ _ _ _ _ _ _ _ _ _ _ _ _ _ _ _ _ _ \npages/sing_in.py:35: in welcome_message\n    return self.get_text(SingInLocators.WELCOME_MESSAGE)\nbase/base_page.py:42: in get_text\n    return self.is_visible(locator).text\nbase/base_page.py:48: in is_visible\n    return wait(self.browser, timeout).until(EC.visibility_of_element_located(locator),\n_ _ _ _ _ _ _ _ _ _ _ _ _ _ _ _ _ _ _ _ _ _ _ _ _ _ _ _ _ _ _ _ _ _ _ _ _ _ _ _ \n\nself = <selenium.webdriver.support.wait.WebDriverWait (session=\"8b4746dc67776c80a47d9902d61dda20\")>\nmethod = <function visibility_of_element_located.<locals>._predicate at 0x7fa15296e480>\nmessage = \"Can't find element by ('css selector', '.logged-in')\"\n\n    def until(self, method: Callable[[D], Union[Literal[False], T]], message: str = \"\") -> T:\n        \"\"\"Calls the method provided with the driver as an argument until the \\\n        return value does not evaluate to ``False``.\n    \n        :param method: callable(WebDriver)\n        :param message: optional message for :exc:`TimeoutException`\n        :returns: the result of the last call to `method`\n        :raises: :exc:`selenium.common.exceptions.TimeoutException` if timeout occurs\n        \"\"\"\n        screen = None\n        stacktrace = None\n    \n        end_time = time.monotonic() + self._timeout\n        while True:\n            try:\n                value = method(self._driver)\n                if value:\n                    return value\n            except self._ignored_exceptions as exc:\n                screen = getattr(exc, \"screen\", None)\n                stacktrace = getattr(exc, \"stacktrace\", None)\n            time.sleep(self._poll)\n            if time.monotonic() > end_time:\n                break\n>       raise TimeoutException(message, screen, stacktrace)\nE       selenium.common.exceptions.TimeoutException: Message: Can't find element by ('css selector', '.logged-in')\nE       Stacktrace:\nE       #0 0x55f15ee9502a <unknown>\nE       #1 0x55f15eb7b5e0 <unknown>\nE       #2 0x55f15ebcabe8 <unknown>\nE       #3 0x55f15ebcae81 <unknown>\nE       #4 0x55f15ec118c4 <unknown>\nE       #5 0x55f15ebefb4d <unknown>\nE       #6 0x55f15ec0ed7d <unknown>\nE       #7 0x55f15ebef8c3 <unknown>\nE       #8 0x55f15ebbd6b3 <unknown>\nE       #9 0x55f15ebbe68e <unknown>\nE       #10 0x55f15ee5fa2b <unknown>\nE       #11 0x55f15ee639b1 <unknown>\nE       #12 0x55f15ee4c225 <unknown>\nE       #13 0x55f15ee64532 <unknown>\nE       #14 0x55f15ee3138f <unknown>\nE       #15 0x55f15ee83f28 <unknown>\nE       #16 0x55f15ee840f3 <unknown>\nE       #17 0x55f15ee93e7c <unknown>\nE       #18 0x7fb1fb294ac3 <unknown>\n\n/opt/hostedtoolcache/Python/3.12.7/x64/lib/python3.12/site-packages/selenium/webdriver/support/wait.py:105: TimeoutException","flaky":false,"newFailed":false,"newBroken":false,"newPassed":false,"retriesCount":0,"retriesStatusChange":false,"beforeStages":[{"name":"browser","time":{"start":1728892001149,"stop":1728892001420,"duration":271},"status":"passed","steps":[],"attachments":[],"parameters":[],"shouldDisplayMessage":false,"stepsCount":0,"attachmentsCount":0,"hasContent":false},{"name":"chrome_options","time":{"start":1728892001149,"stop":1728892001149,"duration":0},"status":"passed","steps":[],"attachments":[],"parameters":[],"shouldDisplayMessage":false,"stepsCount":0,"attachmentsCount":0,"hasContent":false}],"testStage":{"status":"broken","statusMessage":"selenium.common.exceptions.TimeoutException: Message: Can't find element by ('css selector', '.logged-in')\nStacktrace:\n#0 0x55f15ee9502a <unknown>\n#1 0x55f15eb7b5e0 <unknown>\n#2 0x55f15ebcabe8 <unknown>\n#3 0x55f15ebcae81 <unknown>\n#4 0x55f15ec118c4 <unknown>\n#5 0x55f15ebefb4d <unknown>\n#6 0x55f15ec0ed7d <unknown>\n#7 0x55f15ebef8c3 <unknown>\n#8 0x55f15ebbd6b3 <unknown>\n#9 0x55f15ebbe68e <unknown>\n#10 0x55f15ee5fa2b <unknown>\n#11 0x55f15ee639b1 <unknown>\n#12 0x55f15ee4c225 <unknown>\n#13 0x55f15ee64532 <unknown>\n#14 0x55f15ee3138f <unknown>\n#15 0x55f15ee83f28 <unknown>\n#16 0x55f15ee840f3 <unknown>\n#17 0x55f15ee93e7c <unknown>\n#18 0x7fb1fb294ac3 <unknown>","statusTrace":"self = <test_sing_in.TestSingIn object at 0x7fa1516208c0>\nbrowser = <selenium.webdriver.chrome.webdriver.WebDriver (session=\"8b4746dc67776c80a47d9902d61dda20\")>\n\n    @allure.title(\"Базавая Авторизация\")\n    def test_sing_in(self, browser):\n        page = SingIn(browser)\n        page.open(URL.LOGIN_PAGE)\n        page.send_email(TestsData.EMAIL)\n        page.send_password(TestsData.PASSWORD)\n        page.click_sing_in_button()\n        with allure.step(\"Сообщение об успешной авторизации\"):\n>           assert \"Welcome\" in page.welcome_message()\n\ntests/test_sing_in.py:35: \n_ _ _ _ _ _ _ _ _ _ _ _ _ _ _ _ _ _ _ _ _ _ _ _ _ _ _ _ _ _ _ _ _ _ _ _ _ _ _ _ \npages/sing_in.py:35: in welcome_message\n    return self.get_text(SingInLocators.WELCOME_MESSAGE)\nbase/base_page.py:42: in get_text\n    return self.is_visible(locator).text\nbase/base_page.py:48: in is_visible\n    return wait(self.browser, timeout).until(EC.visibility_of_element_located(locator),\n_ _ _ _ _ _ _ _ _ _ _ _ _ _ _ _ _ _ _ _ _ _ _ _ _ _ _ _ _ _ _ _ _ _ _ _ _ _ _ _ \n\nself = <selenium.webdriver.support.wait.WebDriverWait (session=\"8b4746dc67776c80a47d9902d61dda20\")>\nmethod = <function visibility_of_element_located.<locals>._predicate at 0x7fa15296e480>\nmessage = \"Can't find element by ('css selector', '.logged-in')\"\n\n    def until(self, method: Callable[[D], Union[Literal[False], T]], message: str = \"\") -> T:\n        \"\"\"Calls the method provided with the driver as an argument until the \\\n        return value does not evaluate to ``False``.\n    \n        :param method: callable(WebDriver)\n        :param message: optional message for :exc:`TimeoutException`\n        :returns: the result of the last call to `method`\n        :raises: :exc:`selenium.common.exceptions.TimeoutException` if timeout occurs\n        \"\"\"\n        screen = None\n        stacktrace = None\n    \n        end_time = time.monotonic() + self._timeout\n        while True:\n            try:\n                value = method(self._driver)\n                if value:\n                    return value\n            except self._ignored_exceptions as exc:\n                screen = getattr(exc, \"screen\", None)\n                stacktrace = getattr(exc, \"stacktrace\", None)\n            time.sleep(self._poll)\n            if time.monotonic() > end_time:\n                break\n>       raise TimeoutException(message, screen, stacktrace)\nE       selenium.common.exceptions.TimeoutException: Message: Can't find element by ('css selector', '.logged-in')\nE       Stacktrace:\nE       #0 0x55f15ee9502a <unknown>\nE       #1 0x55f15eb7b5e0 <unknown>\nE       #2 0x55f15ebcabe8 <unknown>\nE       #3 0x55f15ebcae81 <unknown>\nE       #4 0x55f15ec118c4 <unknown>\nE       #5 0x55f15ebefb4d <unknown>\nE       #6 0x55f15ec0ed7d <unknown>\nE       #7 0x55f15ebef8c3 <unknown>\nE       #8 0x55f15ebbd6b3 <unknown>\nE       #9 0x55f15ebbe68e <unknown>\nE       #10 0x55f15ee5fa2b <unknown>\nE       #11 0x55f15ee639b1 <unknown>\nE       #12 0x55f15ee4c225 <unknown>\nE       #13 0x55f15ee64532 <unknown>\nE       #14 0x55f15ee3138f <unknown>\nE       #15 0x55f15ee83f28 <unknown>\nE       #16 0x55f15ee840f3 <unknown>\nE       #17 0x55f15ee93e7c <unknown>\nE       #18 0x7fb1fb294ac3 <unknown>\n\n/opt/hostedtoolcache/Python/3.12.7/x64/lib/python3.12/site-packages/selenium/webdriver/support/wait.py:105: TimeoutException","steps":[{"name":"Открытие cтраницы","time":{"start":1728892001420,"stop":1728892002695,"duration":1275},"status":"passed","steps":[],"attachments":[],"parameters":[{"name":"url","value":"'https://magento.softwaretestingboard.com/customer/account/login/'"}],"shouldDisplayMessage":false,"stepsCount":0,"attachmentsCount":0,"hasContent":true},{"name":"Нажатие на кнопку Sing In","time":{"start":1728892002886,"stop":1728892003967,"duration":1081},"status":"passed","steps":[],"attachments":[],"parameters":[],"shouldDisplayMessage":false,"stepsCount":0,"attachmentsCount":0,"hasContent":false},{"name":"Сообщение об успешной авторизации","time":{"start":1728892003967,"stop":1728892025615,"duration":21648},"status":"broken","statusMessage":"selenium.common.exceptions.TimeoutException: Message: Can't find element by ('css selector', '.logged-in')\nStacktrace:\n#0 0x55f15ee9502a <unknown>\n#1 0x55f15eb7b5e0 <unknown>\n#2 0x55f15ebcabe8 <unknown>\n#3 0x55f15ebcae81 <unknown>\n#4 0x55f15ec118c4 <unknown>\n#5 0x55f15ebefb4d <unknown>\n#6 0x55f15ec0ed7d <unknown>\n#7 0x55f15ebef8c3 <unknown>\n#8 0x55f15ebbd6b3 <unknown>\n#9 0x55f15ebbe68e <unknown>\n#10 0x55f15ee5fa2b <unknown>\n#11 0x55f15ee639b1 <unknown>\n#12 0x55f15ee4c225 <unknown>\n#13 0x55f15ee64532 <unknown>\n#14 0x55f15ee3138f <unknown>\n#15 0x55f15ee83f28 <unknown>\n#16 0x55f15ee840f3 <unknown>\n#17 0x55f15ee93e7c <unknown>\n#18 0x7fb1fb294ac3 <unknown>\n\n","statusTrace":"  File \"/home/runner/work/pet_luma/pet_luma/tests/test_sing_in.py\", line 35, in test_sing_in\n    assert \"Welcome\" in page.welcome_message()\n  File \"/home/runner/work/pet_luma/pet_luma/pages/sing_in.py\", line 35, in welcome_message\n    return self.get_text(SingInLocators.WELCOME_MESSAGE)\n           ^^^^^^^^^^^^^^^^^^^^^^^^^^^^^^^^^^^^^^^^^^^^^\n  File \"/home/runner/work/pet_luma/pet_luma/base/base_page.py\", line 42, in get_text\n    return self.is_visible(locator).text\n           ^^^^^^^^^^^^^^^^^^^^^^^^\n  File \"/home/runner/work/pet_luma/pet_luma/base/base_page.py\", line 48, in is_visible\n    return wait(self.browser, timeout).until(EC.visibility_of_element_located(locator),\n           ^^^^^^^^^^^^^^^^^^^^^^^^^^^^^^^^^^^^^^^^^^^^^^^^^^^^^^^^^^^^^^^^^^^^^^^^^^^^\n  File \"/opt/hostedtoolcache/Python/3.12.7/x64/lib/python3.12/site-packages/selenium/webdriver/support/wait.py\", line 105, in until\n    raise TimeoutException(message, screen, stacktrace)\n","steps":[],"attachments":[],"parameters":[],"shouldDisplayMessage":true,"stepsCount":0,"attachmentsCount":0,"hasContent":true}],"attachments":[],"parameters":[],"shouldDisplayMessage":true,"stepsCount":3,"attachmentsCount":0,"hasContent":true},"afterStages":[{"name":"browser::0","time":{"start":1728892025623,"stop":1728892025715,"duration":92},"status":"passed","steps":[],"attachments":[],"parameters":[],"shouldDisplayMessage":false,"stepsCount":0,"attachmentsCount":0,"hasContent":false}],"labels":[{"name":"suite","value":"Авторизация"},{"name":"parentSuite","value":"tests"},{"name":"subSuite","value":"TestSingIn"},{"name":"host","value":"fv-az837-567"},{"name":"thread","value":"2273-MainThread"},{"name":"framework","value":"pytest"},{"name":"language","value":"cpython3"},{"name":"package","value":"tests.test_sing_in"},{"name":"resultFormat","value":"allure2"}],"parameters":[],"links":[],"hidden":false,"retry":false,"extra":{"severity":"normal","retries":[],"categories":[{"name":"Test defects","matchedStatuses":[],"flaky":false}],"tags":[]},"source":"cb8c050fe19451da.json","parameterValues":[]}